Decrypted secret: e71ad1faa45e8de5d135386117a96116
Instance ID: 5287db8b-cd2a-4622-94d0-3f4ff6747c49
Sig Input:
"GET\n/api-gateway/v3/api/ttools/vehicles/snapshot\ncontent-sha256=\napi-jwt-claim=eyJpYXQiOjE3NjQ5MDgyNTUsImp0aSI6IjE3NjQ5MDgyNTUtNjExIn0=\nlat=32.78132590720856&lng=-96.7982304096222&onlyfeatured=false&provider=2&radius=616.1041125022343"
Decrypted secret: 8d85364e7e2876d6de105beb2a9858ff
Instance ID: 459b468c-3294-485c-a9d8-03c7500ff079
Sig Input:
"GET\n/api-gateway/v3/api/ttools/vehicles/snapshot\ncontent-sha256=\napi-jwt-claim=eyJpYXQiOjE3NjQ5MDgyNTYsImp0aSI6IjE3NjQ5MDgyNTYtMjc4In0=\nlat=32.78132590720856&lng=-96.7982304096222&onlyfeatured=false&provider=2&radius=616.1041125022343"
Sig Input:
"GET\n/api-gateway/v5/api/ttools/trips/DART:8679781/timetable\ncontent-sha256=\napi-jwt-claim=eyJpYXQiOjE3NjQ5MDgyNTYsImp0aSI6IjE3NjQ5MDgyNTYtNjA1In0="
Sig Input:
"GET\n/api-gateway/v5/api/ttools/trips/DART:8642727/timetable\ncontent-sha256=\napi-jwt-claim=eyJpYXQiOjE3NjQ5MDgyNTYsImp0aSI6IjE3NjQ5MDgyNTYtNzc5In0="
Sig Input:
"GET\n/api-gateway/v5/api/ttools/trips/DART:8666016/timetable\ncontent-sha256=\napi-jwt-claim=eyJpYXQiOjE3NjQ5MDgyNTYsImp0aSI6IjE3NjQ5MDgyNTYtODY5In0="
Sig Input:
"GET\n/api-gateway/v5/api/ttools/trips/DART:8716496/timetable\ncontent-sha256=\napi-jwt-claim=eyJpYXQiOjE3NjQ5MDgyNTYsImp0aSI6IjE3NjQ5MDgyNTYtOTU5In0="
Sig Input:
"GET\n/api-gateway/v5/api/ttools/trips/DART:8645214/timetable\ncontent-sha256=\napi-jwt-claim=eyJpYXQiOjE3NjQ5MDgyNTcsImp0aSI6IjE3NjQ5MDgyNTctNDcifQ=="
Sig Input:
"GET\n/api-gateway/v5/api/ttools/trips/DART:8647633/timetable\ncontent-sha256=\napi-jwt-claim=eyJpYXQiOjE3NjQ5MDgyNTcsImp0aSI6IjE3NjQ5MDgyNTctMTM2In0="
Sig Input:
"GET\n/api-gateway/v5/api/ttools/trips/DART:8682294/timetable\ncontent-sha256=\napi-jwt-claim=eyJpYXQiOjE3NjQ5MDgyNTcsImp0aSI6IjE3NjQ5MDgyNTctMjI3In0="
Sig Input:
"GET\n/api-gateway/v5/api/ttools/trips/DART:8755884/timetable\ncontent-sha256=\napi-jwt-claim=eyJpYXQiOjE3NjQ5MDgyNTcsImp0aSI6IjE3NjQ5MDgyNTctMzIwIn0="
Sig Input:
"GET\n/api-gateway/v5/api/ttools/trips/DART:8755815/timetable\ncontent-sha256=\napi-jwt-claim=eyJpYXQiOjE3NjQ5MDgyNTcsImp0aSI6IjE3NjQ5MDgyNTctNDExIn0="
Sig Input:
"GET\n/api-gateway/v5/api/ttools/trips/DART:8646338/timetable\ncontent-sha256=\napi-jwt-claim=eyJpYXQiOjE3NjQ5MDgyNTcsImp0aSI6IjE3NjQ5MDgyNTctNTIwIn0="
Sig Input:
"GET\n/api-gateway/v5/api/ttools/trips/DART:8679152/timetable\ncontent-sha256=\napi-jwt-claim=eyJpYXQiOjE3NjQ5MDgyNTcsImp0aSI6IjE3NjQ5MDgyNTctNzc2In0="
Decrypted secret: 477f23ebfb77aaea58cb507a55fc0543
Instance ID: 7d2e1961-a098-4b19-a337-9e7ad5818580
Sig Input:
"GET\n/api-gateway/v3/api/ttools/vehicles/snapshot\ncontent-sha256=\napi-jwt-claim=eyJpYXQiOjE3NjQ5MDg2MTcsImp0aSI6IjE3NjQ5MDg2MTctMzEifQ==\nlat=32.78132590720856&lng=-96.7982304096222&onlyfeatured=false&provider=2&radius=616.1041125022343"
Decrypted secret: 7d8654a134d46e3a14d40c75b726ea1b
Instance ID: a8a2a3e8-2322-447e-94fb-54f49f75717b
Sig Input:
"GET\n/api-gateway/v3/api/ttools/vehicles/snapshot\ncontent-sha256=\napi-jwt-claim=eyJpYXQiOjE3NjQ5MDg2MTgsImp0aSI6IjE3NjQ5MDg2MTgtMzIyIn0=\nlat=32.78132590720856&lng=-96.7982304096222&onlyfeatured=false&provider=2&radius=616.1041125022343"
Sig Input:
"GET\n/api-gateway/v5/api/ttools/trips/DART:8649485/timetable\ncontent-sha256=\napi-jwt-claim=eyJpYXQiOjE3NjQ5MDg2MTgsImp0aSI6IjE3NjQ5MDg2MTgtNjcyIn0="
Sig Input:
"GET\n/api-gateway/v5/api/ttools/trips/DART:8784039/timetable\ncontent-sha256=\napi-jwt-claim=eyJpYXQiOjE3NjQ5MDg2MTgsImp0aSI6IjE3NjQ5MDg2MTgtODM0In0="
Sig Input:
"GET\n/api-gateway/v5/api/ttools/trips/DART:8679152/timetable\ncontent-sha256=\napi-jwt-claim=eyJpYXQiOjE3NjQ5MDg2MTgsImp0aSI6IjE3NjQ5MDg2MTgtOTQwIn0="
Sig Input:
"GET\n/api-gateway/v5/api/ttools/trips/DART:8642655/timetable\ncontent-sha256=\napi-jwt-claim=eyJpYXQiOjE3NjQ5MDg2MTksImp0aSI6IjE3NjQ5MDg2MTktMTY5In0="
Sig Input:
"GET\n/api-gateway/v5/api/ttools/trips/DART:8661793/timetable\ncontent-sha256=\napi-jwt-claim=eyJpYXQiOjE3NjQ5MDg2MTksImp0aSI6IjE3NjQ5MDg2MTktNTMxIn0="
Sig Input:
"GET\n/api-gateway/v5/api/ttools/trips/DART:8753182/timetable\ncontent-sha256=\napi-jwt-claim=eyJpYXQiOjE3NjQ5MDg2MTksImp0aSI6IjE3NjQ5MDg2MTktODQ3In0="
Sig Input:
"GET\n/api-gateway/v5/api/ttools/trips/DART:8753257/timetable\ncontent-sha256=\napi-jwt-claim=eyJpYXQiOjE3NjQ5MDg2MjAsImp0aSI6IjE3NjQ5MDg2MjAtMTUyIn0="
Sig Input:
"GET\n/api-gateway/v5/api/ttools/trips/DART:8641593/timetable\ncontent-sha256=\napi-jwt-claim=eyJpYXQiOjE3NjQ5MDg2MjAsImp0aSI6IjE3NjQ5MDg2MjAtNTI2In0="
Sig Input:
"GET\n/api-gateway/v5/api/ttools/trips/DART:8647570/timetable\ncontent-sha256=\napi-jwt-claim=eyJpYXQiOjE3NjQ5MDg2MjAsImp0aSI6IjE3NjQ5MDg2MjAtNzc2In0="
Decrypted secret: f2055e1ba03498a7c3343e19438373e2
Instance ID: 96f28651-c0c8-43aa-8761-784c6265e3a9
Sig Input:
"GET\n/api-gateway/v3/api/ttools/vehicles/snapshot\ncontent-sha256=\napi-jwt-claim=eyJpYXQiOjE3NjQ5MDk4OTcsImp0aSI6IjE3NjQ5MDk4OTctNDY4In0=\nlat=32.78132590720856&lng=-96.7982304096222&onlyfeatured=false&provider=2&radius=616.1041125022343"
Decrypted secret: c720a1705a0832c8a87d039ebc59015c
Instance ID: 8dc1cfc9-1f06-428e-a0f6-c20a061650c5
Sig Input:
"GET\n/api-gateway/v3/api/ttools/vehicles/snapshot\ncontent-sha256=\napi-jwt-claim=eyJpYXQiOjE3NjQ5MDk5MDEsImp0aSI6IjE3NjQ5MDk5MDEtNzU4In0=\nlat=32.78132590720856&lng=-96.7982304096222&onlyfeatured=false&provider=2&radius=616.1041125022343"
Sig Input:
"GET\n/api-gateway/v5/api/ttools/trips/DART:8649426/timetable\ncontent-sha256=\napi-jwt-claim=eyJpYXQiOjE3NjQ5MDk5MDMsImp0aSI6IjE3NjQ5MDk5MDMtMjI2In0="
Sig Input:
"GET\n/api-gateway/v5/api/ttools/trips/DART:8647634/timetable\ncontent-sha256=\napi-jwt-claim=eyJpYXQiOjE3NjQ5MDk5MDMsImp0aSI6IjE3NjQ5MDk5MDMtOTU5In0="
Sig Input:
"GET\n/api-gateway/v5/api/ttools/trips/DART:8668909/timetable\ncontent-sha256=\napi-jwt-claim=eyJpYXQiOjE3NjQ5MDk5MDQsImp0aSI6IjE3NjQ5MDk5MDQtMTQ4In0="
Sig Input:
"GET\n/api-gateway/v5/api/ttools/trips/DART:8755816/timetable\ncontent-sha256=\napi-jwt-claim=eyJpYXQiOjE3NjQ5MDk5MDQsImp0aSI6IjE3NjQ5MDk5MDQtMzEyIn0="
Sig Input:
"GET\n/api-gateway/v5/api/ttools/trips/DART:8676117/timetable\ncontent-sha256=\napi-jwt-claim=eyJpYXQiOjE3NjQ5MDk5MDQsImp0aSI6IjE3NjQ5MDk5MDQtNDkzIn0="
Sig Input:
"GET\n/api-gateway/v5/api/ttools/trips/DART:8784117/timetable\ncontent-sha256=\napi-jwt-claim=eyJpYXQiOjE3NjQ5MDk5MDQsImp0aSI6IjE3NjQ5MDk5MDQtNjcwIn0="
